OOOOOOOOOOOOOOOOOOOOOOOOOOOOOOOOOOOOOOOOOOOOOOOOOOOOOOOOOOOOOOOOOOOOOOOOOOOOOOOOOOOOOOOOOOOOOOOOOOOOOOOOOOOOOOOOOOOOOOOOOOOOOOOOOOOOOOOOOOOO
OOOOOOOOOOOOOOOOOOOOOOOOOOOOOOOOOOOOOOOXXXOXXOOOOOOOOOOOOOOOOOOOOOOOOOOOOOOOOOOOOOOOOOOOOOOOOOOOOOOOOOOOOOOOOOOOOOOOOOOOOOOOOOOOOOOOOOOOOOOO
OOOOOOOOOOOOOOOOOOOOOOOOOOOOOOOOOOOOOOOXXXXXXXOOOOOOOOOOOOOOOOOOOOOOOOOOOOOOOOOOOOOOOOOOOOOOOOOOOOOOOOOOOOOOOOOOOOOOOOOOOOOOOOOOOOOOOOOOOOOO
OOOOOOOOOOOOOOOOOOOOOOOOOOOOOOOOOOOOOOOXXXXXXXOOOOOOOOOOOOOOOOOOOOOOOOOOOOOOOXXOOOOOOOOOOOOOOOOOOOOOOOOOOOOOOOOOOOOOOOOOOOOOOOOOOOOOOOOOOOOO
OOOOOOOOOOOOOOOOOOOOOOOOOOOOOOOOOOOOOOOXXXXXXOOOOOOOOOOOOOOOOOOOOOOOOOOOOOOOOXXXXOOOOOOOOOOOOOOOOOOOOOOOOOOOOOOOOOOOOOOOOOOOOOOOOOOOOOOOOOOO
OOOOOOOOOOOOOOOOOOOOOOOOOOOOOOOOOOOOOOOOXXXXXXXOOXXOOOOOOOOOOOOOOOOOOOOOOOOOOXXXXOOOOOOOOOOOOOOOOOOOOOOOOOOOOOOOOOOOOOOOOOOOOOOOOOOOOOOOOOOO
OOOOOOOOOOOOOOOOOOOOOOOOOOOOOOOOOOOOOXXOOXXXXXXXOXXOOOOOOOOOOOOOOOOOOOOOOOOXXXXXXXXOOOOOOOOOOOOOOOOOOOOOOOOOOOOOOOOOOOOOOOOOOOOOOOOOOOOOOOOO
OOOOOOOOOOOOOOOOOOOOOOOOOOOOOOOOOOOOXXXXXXXXXXXXXXXOOOOOOOOOOOOOOOOOOOOOOXXXXXXXXXXOOOOOOOOOOOOOOOOOOOOOOOOOOOOOOOOOOOOOOOOOOOOOOOOOOOOOOOOO
OOOOOOOOOOOOOOOOOOOOOOOOOOOOOOOOOOOOXXXXXXXXXFXXXXXXXOOOOOOOOOOOXXXOOOOXXXXXXXXXXXXOOOOOOOOOOOOOOOOOOOOOOOOOOOOOOOOOOOOOOOOOOOOOOOOOOOOOOOOO
OOOOOOOOOOOOOOOOOOOOOXXXXOOOOOOOOOOOOOXXXXXXXXX.XXXXXOOOOOOOOOOXXXXOXXOXXXXX7XXXXXXXOOOOOOOOOOXXOOOOOXXOOOOOXXOOXXOOOOOOOOOOOOOOOOOOOOOOOOOO
OOOOOOOOOOOOOOOOOOOOXXXXXXXXXOOOOOXXXXXXXXXXXXXXXXXXOOOOOOOXXXXXXXOXXXOOOXXXXXXXXXXXOOXXOOXXXXXXXXOOOXXOOOOOXXXXXXXOOOOOOOOOOOOOOOOOOOOOOOOO
OOOOOOOOOOOOOOOOOOXXXXXXXXXXXOOOOOXXXXXXXXXXXXXXXXXXOOOOOXXXXXXXXXXXXXXXXXXXXXXXXXXXXXXXOOXXXXXXXXXXXXXOOOOOXXXXXXXXXOOOOOOOOOOOOOOOOOOOOOOO
OOOOOOOOOOOOOOOOOOXXX7|XXOOOOOXXXXXXXXXXXXXXXXXXXXXOXXOXXXXXXXXXXXXXXXXXXXXXJXXXXXXXXXXXOOXXXXXLXXXXXXXXOOXXXXXXXXXXXOOOXXOOOOOOOOOOOOOOOOOO
OOOOOOOOOOOOOOOOOOXXXXXXXXXOXXXXXXXXXXXXXXXXLXXXXXXXXXOXXXXXXXXXX|XXXXXXXXXXXXXXXXX7XXXXXOXXXXXXXXXXXXXXOOXXXXXXXXXXXOOOXXOOOXXOOOOOOOOOOOOO
OOOOOOOOOOOOOOOOOOOXXXXXXXXXXXXXXXXXXXXXXLXXXXXXXXXXXXXXXXXXXXXXXXXXXXXXXXXXXXXXXXXXXXXXXXXXXXXXXXXXXXXXOOXXXXXXXXXXXXXOXXOXXXXOOOOOOOOOOOOO
OOOOOOOOOOOOOOOOOOXXXXXXXXXXXXXXXXXXXXXXXXXXXXXXXXXXXXXXXXXXXXXXXXXXJXXXXXXXXXXXXXXXXXXXXXXXXXXXXXXXXXXXOOXXXXXXXXX|XXXXXXXXXXXXOOOOOOOOOOOO
OOOOOOOOOOOOOOOOOXXXXXXXXXXXXXXXXXXXXXXXXXXXXXXXXXX-FJ|XX7XXXXXXXXXXXXXXXXXXXXXXXXXXXXXXXXXXXXXXXXXXXXXXXXXXXXXX|XXXXXXXXXXXXXXXOOOOOOOOOOOO
OOOOOOOOOOOOOOOOOXXXXXXXXXXXXXXXXXXXXXXXXXXXLXXXXXXXX|XXXXXXXXX|XXXXXXXXXXXXXXXXXXXXXXXXXXXXXXXXXXXXXXXXXXXXXXXXXXXXXXXXXXXXXXXXXXXOOOOOOOOO
OOOOOOOOOOOOOOXXXXXXXXXXXXXXXX|XXX|XXXXXXXXXXXXXJXXXXXXXXXXXXXXXXXXJXXXXXXXXXXXXXXXXXXX|XXXXXXXXXXXXXFXXXXXXXXXXXXXFXXXXXXXXXXXXXXXOOOOOOOOO
OOOOOOOOOOOOXXXXXXXXXXFXXXXXXXXXXXXXXXXXXXXXXXX|XXXXXXXXXXXXXXXXXXXXXXXXXXXXXXXXXXXXXXXXXX7XXXXXJ.XXXXXXXXXXXX-XXXXXXXXXXXXXXXXXXXOOOOOOOOOO
OOOOOOOOOOOOXXXXXXXXXXXXXXXXXXXXXFXXXXXXXXXXXXXXXXXLXXXXXXXXXXXXX|XXXXXXXXXXXXXXXXXXXXXXXXXXXXXXJXXXXXXXXXXXXXXXXXXXXXXXXXXXXXXXXXOOOOOOOOOO
OOOOOOOOOOOOXXXXXXXXXXXXXXXXXXXXXXXXXXXXXXXXXXXXXXXXXXXXXXXXXXXXXXXXXXXXXXXXXXXXXXXXXXXXXXXXXXXXXXXXXXXXXXXXLXXXXXXXXXXXXXXXXXXXXXXXOOOOOOOO
OOOOOOOOOOOXXX7XXXXXXXXXXXXXXXXXXXXXXXXXXXXXXXXXXXXXXXXXXXXXXXXXXXXXXXXXXXXXXXXXXXXXXXXXXXLXXXXXXXXXXXXXJXXXXXXXXXXXXXXXXXXXXXXXXXXXOOOOOOOO
OOOOOOOOOOOXXXXXXXXXXXXX7XXXXXXXXXXXXXXXXXXXXXXXXXXXXXXXXXXXXXXXXXXXXXXXXXXXXXXXXXXXXXJXXXXXXXXXXXXXXXXXXXXXXXXXXXXXXXXXXXXXXXXXXXXOOOOOOOOO
OOOOOOOOOOOXXXXXXXXXXXXXXXXXXXXXXXXXJXX7XXXXXXXXXXXXXXXXXXXXXXJXXXXXXXXXXXXXXXXXJXXXXXXXXXXXXXXXXXXXXXXXXXXXXXXXXXXXXXXXXXXXXXXXXXXOOOOOOOOO
OOOOOOOOOOOXXXXXXXXX7XXXXXXXXXXXLXXXXXXXXXXXXXXXXXXXXXJXXXXXXXXXXXXXXXXXXXXXFXXXXXXXXXXXXXXXXXXXXXXXXXXXXXXXXXXXXXLXXXXXXXXXXXXXXXXXOOOOOOOO
OOOOOOOOXXXXXXXXXXXXXXXXXXXXXXXXXXXXXXXXXXXXXXXXXXXXXXXXXXXXXXXXXXXXXXXXXXXXXXLXX7XXXXXXXXXXXXXXXXXXXXXXXXXXXXXXXXXXXXXXXXXXXXXXXXXXOOOOOOOO
OOOOOOOOXXXXXXXXXXXXX.XXXXXXXXXXXXXXXXXXXXXXXXXFXXXXXXXXXXXXXXXXXXXXXXXXXLXXXXXXXXXXXXXXXXXXX.XXXXFXXXXXXXXXXXXXXJXXXXX7XXFXXXXXXXXXXOOOOOOO
OOOOOOOXXXXXXXXXXXXXXXXXXXXXFXXXXXXXXXXXXXXXXXXXXLXXXXXX7XXXXXXXXXXXXXXXXXXXXXXXXXXXXXXXXXXXXXXXXXXXXJXXXXXXXXXXX.XXXXXXXXXXXXXXXXXXXOOOOOOO
OOOOOOOXXXXXXXXXXXXXXXXXXXXXXXXXXXXXXXXXXXXXXXXXXXXXXXXXXXXXXXXXXXX|XXXXXXXXXXXXXXXXXXXXXXXXXXXXXXXXXXXXXXXXXXXXXXXXXXXXXXXXXXXXXXXOOOOOOOOO
OOOOOOOXXXXXXXXXXXXXXXXXXXXXXXXXXXXXXLXXXXXXXXXXXXXXXXXLXXXXXXXXXXXXXXXXX.XXXXXXXXXXXXXXXXXXXXXXXXXXXX|XXXXXXXXXXXXXXXXXXX.XXXXXXXXOXXXOOOOO
OOOOOOXXXXXXXXXXXXXXXXXXXXXXXXXXXXXXXXXXXXXXXXXXXXXXXXXXXXXFXXXXXXXXXXXXXXXXXXXXXXXXXXXXXXXXXXXXXXXXXXXXXXXXXXXXXXXXXXXXXXXXXXXXXXXOXXXOOOOO
OOOOOOXXXXXXXXXXXFXXXXXXXXXXXXXXXXXXXXXXXXXXXXXXXXXXXXXXXXXXXXXXXXX-XXXXXXXXXXXXXXXXXXXXXXXXXXXXXXXXXXXXXXXXXXXXXXXXXXXXXXXXXXXXXXXXXXXXOOOO
OOOOOOXXXXXXXXXLXXJXXXXXXXXXXXXXXXXXXXXXXXXXXXXXXXXXXXXXXXXXXXXXXXXXXXXXXXXXXXXXXXXXXXXXXXXXXXXXXXXXXXXXXXXXXXXXXXXXXXXXXXXXXX-XXXXXXXXXOOOO
OOOOOOOOXXXXX||XXXXXXXXXXXXXXXXX7XXXXXXXXXXXXXXXXXXXXXJXXXX-XXXXXXXXXXXXXXXXXXXXXXXXXXXXXXXXXXXX|XXXXXXXXXXXXXXXXXXXXXXXXXXXXXXXXXXXXXOOOOOO
OOOOOOOOOOOXXXXXXXXXXXX7XXXXJXXXXXXXXXXXXXXXXXXXXXXXXXXXXXXXXXXXXXXXXXXXXXXXXXXXXXXXXXXXXXXXXXXXXXXXXXXXXXXXXXXXXXXXXXXXXXXXXXXXXXXXXXOOOOOO
OOOOOOOOOOXXXXXXXXXXXXXXXXXXXXXXXXXXXXXXXXXXXXXXXXXXXXXXXXXXXXXXXXXXXXXXXXXXXXFXXX7XXXXXXXXXXXXXXXJXXXXXXXXXFXXXXXXXXXXXXXXXXXXXXXXOOOOOOOOO
OOOOOOOOOOXXXXXXXJXXJXXXXXXXXXXXXXXXXXXXXX-XXXXXXXXXXXXXXXXXXXXXXXXXXXXXXXXXXXXXXXXX-XXXXXXXXXXXXXXXXXXXXXXXXXXXXXXXXXXXXXXXXXXXXXXOOOOOOOOO
OOOOOOOOXXOXXXXXXXXXXXXXXXXXXXXXXXXXXXXXXXXXXXFXXXXXXXXXXXXXXXXXXXXXXXXXXXXXXXXXXXXXXXXXXXXXXXXXXXXXXXXXXXXXXXXJXXXXXXXXXXXXXXXXXXOOOOOOOOOO
OOOOOOOOXXXXXXXXXXXXXXXXXXXXXXXXXXXXXXXXXXXXXXXXXXXLXXXXXXXXXXXXXXXXXXXXXXXXXXXXXXXXXXXXXXXXXXXXXX|XXXXXXXXXXXXXXXXXXXXXXXXXXXXXXXOOOOOOOOOO
OOOOOOXXXXXXXXXXXXXXXXXXXXXXXXXXXXXXXXXXXXXXXXXXXXXXXXX|XXXXXXXXXXXXXXXXXXXXXXXXXFXXXXXXXXXXXXXXXXXXXXXXXXXXXXXXXXXXXXXXXXXXFXXXXXOOOOOOOOOO
OOOOOOXXXXXXXXXXXXXXXLXXLXXXXXXXXXJXXXXXXXXXXXXXXXXXXXXXXXXXXXXXXXXXXXXXXXXXXXXXXXXXXXXXXFXXXXXXXXXXXXXXXXXXXXXXXXXXXXXXXXXXXXXXXXOOOOOOOOOO
OOOOOOOXXOXXXXXXXXXXXXXFXXXXXXXXXXXXXXLXXJXXXXXXXXXXXXXXXXXXXXXXJXXXXXXXXXXXXXXXXXXXXXXXXXXXXXXXXXXX7XX|FXXXXXXXXXXXXXXXXXXXXXXXXOOOOOOOOOOO
OOOOOOOOOOXXXXXXXXXXXXXXXXXXXXXXXXXXXXXXXXXXXXXXXXXXXXXXXXXXXXXXXXXXXXXXXXXXXX7XXXXXXXXXXXXXXXXXXXXXXXXXXXXXXXXXXXXXXXXXXXX-|77XXXOOOOOOOOOO
OOOOOOOOOOOOXXXXXXXXXXXXXXXXXXXXXXXXXXXXXXXXXXXXXXXXXXXXXXXXXXXXXXXXXXX|XXXXXXXXXXXXXX.XX-XXXXXXXXXXXXXXXXXXXXXXXXXXXXXXXXXXXXXXXXXOOOOOOOOO
OOOOOOOOOOXXXXXXXXXLXXXXXXXXXXXJXXXXXXXXXXXXXFXXXXXXXXXXXXLXXXFXXXXXXXXXXXXXXXXXXXXXXXXXXXXXXXXXXXXXXXXXXXXXXXXXXXXXXXXXXXXXXXX|XXXXOOOOOOOO
OOOOOOOOOOXXXXXXXXXXXXXXXXXXXXXXXXXXXXXXXXXXXXXXXXXXXXXXXXXXXXXXXXXXXXXXXXXXXXJXXXXXXXXXXXXXXXXXXXXXXXXXXXXXXXXXXXXXXXXXXXXXXXX7XXXXOOOOOOOO
OOOOOOOOOOOXXXXXXXFXXXXXXXXXXXXXXXXXXXXXXXXXXXXXXXXXXX-XXXXXX-XXXXXXXXXX|XXLXXXXXXXXXXXXXXXXXXXXXXXXFXXXXXXXXXXXXXXXXJXXXXXXXXXXXXXOOOOOOOOO
OOOOOOOOOOOOXXXXXXX|XXXXXXXXXXXXXXXXXXXXXXXXXXXXXXXXXJXXXXXXXXXXXXXXXXXXXXXXXXXXXXXXXXXXXXXXXXXXXXXXXXXXXXXXXXXXXXXXXXXXXXXXXXXXXXOOOOOOOOOO
OOOOOOOOOOOOXXXOXXXXXXXXXXXXXXXXXXXXXXXXXXXXXXXXXXXXXXXXXXXXXXXXXXXXXXXXXXXXXXXXXXXXXXXXJXXLXXXXFXXXXXXXXXXXXXXXXXXXXXXXXX.XXXXXXOOOOOOOOOOO
OOOOOOOOOOOOOOOOXX-XXXXXXXXXXXXXXXXXXXXXXXXXXXXXXXXXXXXXXXXXXX-XXXXXXXXXXXX7XXXXXXXXXXXXXXXXXXXXXXXXXXXXXXXXXXXXXXXXXXXXXXXXXXXXXXOOOOOOOOOO
OOOOOOOOOOOOOXXXXXFXXXXXXXXXXXXXXXXXLXXXXJXXXXXXXXX-XXXXXXXXXXXXXXXXXXXXXXXXXXXXXXXXXXXXXXXXXXXXXXXXXXXXXXXXXXXXXXXXXXXXXXXXXXXXXXOOOOOOOOOO
OOOOOOOOOOOOOXXXXXXXXXXXXXXXXXXXXXXXXXXXXXXXXXXXXXXXXXXXXXXXXXXXXXXXXXXXXXXXXXXXXXXXXXXXXXXXXXXXXXXXXXXXXXXXXXXXXXXXX-XXXXXXXXXXXXXXOOOOOOOO
OOOOOOOOOOOOOOXXXXXXXXXXXXXXXXXXXXXXXXXXXXXXXXXXXXXXXXXXXXXXXXXXXXXXXXXFXXXXXXXXXXXXXXXXXXXXXXXXXXXXXXXXXXXXXXXXXXXXXXXXXXXXXXXXXXXXOOOOOOOO
OOOOOOOOOOOOOOXXXXXXXXXXXXXXXXXXXXXXXXX7XXXXXXXXXXXXXXXXXXXXXXXXXXXXXXXXXXXXXXXXXXXXXXXXXXXXXXXXLXXXXXXXXXXXXXXXXXXXXXXXXXXXXXXXXXXXXOOOOOOO
OOOOOOOOOOOXXXXXXXXXXXXXXXXXXXXXXXXXXXXXXXXXXXXXXXXXXXXXXXXXXXXXXXXXXXXXXXXXXXXXJXXXXXXXXXXXXXXXXXXXXXXXXXXXXXXXXXXXXXXXXXXX-XXXXXXXXOOOOOOO
OOOOOOOOOOOXXXXXXXXXXXXXXXXXXXXXXXXXLXXXXXXXXXXXXXXXXXXXXXXX|LXXXXX7XXJXXXXXXXXXXXXXXXXXXXXXXXXXXXXXXXXXXXXXXXXXXXXXXXXXFXXXXXXXXXXXOOOOOOOO
OOOOOOOOOOXXX-XXXXXXXXXXXXXXXXXXXXXXL|XXXXJXXXXXXFXXXXXXXXXXXXXXXXXXXX7XXXX|-XXXXXXXXXXXXXXXXXXXXX-XXXXXXXXXXXXXXXXXXXX-XXXXXXXXXXXXOOOOOOOO
OOOOOOOXXXXXXXXXXXXXXXFXXXXXXXXXXXXXXXXXXXXXXXXXXXXXXJXXXXXXXXXX|XXXXX7XXXXX.LXXJXXXXXXXXXXXXXXXXXXXXXXXXXXXXXXXXXXXXXXXXXXXXXXJXXXXOOOOOOOO
OOOOOOOXXXXXJXXXXXXXXXXXXXX-XXXXXXXXXXXXXXXXXXXXXXXXXXXXXXXXXXXXXXXXXX-XXXXX7.LL-JXXXXXXXXX.XXXXXXXXXXXXXXXXXXXXXXXXXXXXXX|XXXXXXXXOOOOOOOOO
OOOOOOOOXXXXXXXXXXXXXXXXXXXXXXXXXXXXXXXXXXXXXXXXXXXXXXXXXXXXXXXXXXXXJ|LLXXXX-|F--FXXXXXXXXXXXXXXXXXXXXXXXXXXXXXXXXXXXXXXXXXXXXXXXXXOOOOOOOOO
OOOOOOOOXXXXXXXXXXXXX|XXXX-XXXXXXXXXXXXXXXXXXXXXXXLXXXXXXXXXXXXJ|.XXL|7LXXXX-JJJ.LXXXXXXXXLXXXXXXXXXXXXXXXXXXXXXXXXXXXXXXXXXXXXOXXXOOOOOOOOO
OOOOOOOOXXXXXXXXXXXXXXXXXXXXXXXXXXXXXXXXXXLXXXXXXXXXXXXXXXXXXXX-L7XX7-|JXXXX.LJ|F|LFXXXXXX7XXXXXXXXXXXXXXXXXXXXXXXXXXXXXXXXXXXXOXXXOOOOOOOOO
OOOOOOOXXXXXXXXXXXXXXXXXXXXXXXXXXXXXXXXXXXXXXXXXXXXXXXXXXXXXXXXXLFJ|.-JJLLXX7L-7-XXXXXXXXXXXXXXXXXXXXXXXXXXXXXXXXXXXXXXXXXXXXXXXOXXOOOOOOOOO
OOOOOOOXXXXXXXXXXXXXXXXXXXXXXFXXXXXXXXXXXXXXXXXXXXXXXXXXXXXXXXXXFL7-7.F--|-JJFL.LXXXXXXXXXXXXXXXXXXXFXXXXXXXXXXX|XXXXX-XXXXXXXXXXOOOOOOOOOOO
OOOOOOOOXXXXXXXXXXXXXXXLXXXXXXXXXXXXXXXXXXXXXXXXXXXXXXXXXXXXXXXXXXJ7FFJ7F7|J.|.|JLXXXX7XXXXXXXXXXXXXXXXXXXXXXXXXXXXXXXXXXXXXXXXXXOOOOOOOOOOO
OOOOOOOXXXXXXXXXXXXXXXXXXXXXXXXXXXXXXXXXXXXXXXXXXXXXXXXXXXXXXXXXXXJ7FF-J7|L--L77XXXXXXXXXXXXXXXXXXXXXXXXXXXXXJXXXXXXXXXXXXXXXXXXOOOOOOOOOOOO
OOOOOXXXXXXXXXXXXXXXXXXXXXXXXXXXXXXXXXXXXX7XXXXXXXX.XXXXXXXXXXXXXX-7LJ-JL|L--77FXXXXXXXXXXXXXXXXXXXXXXXXXXXXXXXXXXXX7XXXXXXXXXXOOOOOOOOOOOOO
OOOOOXXXXXJXXXXXXXXXXXXXXXXXXXXXXXXXXXX7XX7XXXXXXXXXXXXXXXXXXXXX||-L-J7.F-.|--7FXXXXXXXXXXXXXXXXXXXXXX|XXXXXXXXXXXXXXXXXXXXXXXXOOOOOOOOOOOOO
OOOOOXXXXXXXXXXXXXXXXXLXXXXXXXXXXXXXXXXXXXXXXXXXXXXXXXXX7JFXXXXXX7-F7L-FF.FF7.--XXXXXXXXXXXXXXFXXXXXXXXXXXXX|XXXXXXXXXXXXXXXX-XXOOOOOOOOOOOO
OOOOXXXXXXXXXXXXXXXXXXXXFXXXXXXXXXXXXX.XXXXXXXXXXXXXXXXXXFXXXXXXX7-|J7LL-.LJ--..XXXXXXXXXFXXXXXXXXXXXXXXXXXXXXXXXXXXXXXXXXXXXXXXXOOOOOOOOOOO
OOOXXXXXXXXXXXXXXXXXXXXXXXXXXXXXXXXXXXXXXXXXXXXXXXXXXXXXXXXXXXXXXXJ.FFFJL-JJ|LJ-L|XXXXXXXXXXXXXXXXXX-XXXXXXXXXXXXXX|XXXXXXX.XXXXXXXOOOOOOOOO
OOOXXXXXXXXXXXXXXXX-XXXXXXXXXXXXXXXXXXXXXXXXXXXXXXXXXXXXXX-XXXXXXXJ-FJ|7F|..F7JJLLXXXXXX7XXXXXXXXXXXXXXXXXXXXXXXXXXXXXXXXX-XXXXXXXXOOOOOOOOO
OOOOOXXXXXXXXXXXXXXXXXXXXXXXXXXXXXXXXXXXXXXXXXXXXXXXXXXLXXXXXXXXXXFXXJLL7|F-7J|||LXXXXXXXXX.XXXXXXXXXXXXXXXXXXXXXXXXXXXXXXXXXXJXXOOOOOOOOOOO
OOOOOXXXXXXXXXXXXXXXXXXXXXXXXXXXXXXXXXXXXXXXXXXXXXXXXXXXXXXXXXXX|7LXXXXJL77.LLF--J|LFLXXXXXXXXXXXXXXXXLXXXXXXXXXXXXXXXX|XXXXX7.XXOOOXXOOOOOO
OOOOOOOXXXXXOXXXXXX-XXXXXXXX.XXXXXXXXXXXXXXXXXXXXXXXXXXXXXXXXXXXX7JXXXX-F7F-FFLJ|-XXXXXXXXXXXXXXXXXXXXXXXXXXXXXXXXXXXXXXXXXXXXXXXOXXXXXOOOOO
OOOOOOOXXXXXXOXXOXXXXXXXXXXXXXXXXXXXXXXXXXXXXXXX.XXXX7XXXXXXXXXXXX7XXXX.LLJXXX7JFFXXXXXXXXXXXXXXXXXXXXXXXXXXXXXXXX.XXXXXXXXXXXXXXXXXXXXOOOOO
OOOOOXXXXXXXXOOOOXXXXXXXXXXXXXXXXXXXXXXXXXXXXXXXXXXXXXXXXXXXXXXXXXXXXXXXL|7XXXXXFXXXXXXXXXXXXXXXXXLXXXXXXXXXXXXXXXXXXXXXXXX|XX|XXXXXXXOOOOOO
OOOOOXXXXXXXOOOOOOOOXXXXXXXXXXXXXXXXXXXXXXXXXXXXXXXXXXXXXXXXXXXXX7XXXXXX-FXXXXXXXXXXXXX7XXXX7XXXXXXXXXXXXXXXXXXXXXXXXXXLXXXXXXXXXXXXXXXXOOOO
OOOOOXXXXXXOOOOOOOOXXXXXXXXXXXXXXXXXXXXXXXXXXXXXXXXXXXXXXXXXXXLXX-LXXXXJ-FXXXXXXXXXXXXXXXXXXXXXXXXXXXXXXXXXXXXXXXXXXXXXXXXXXXXXXXXXXXXXXOOOO
OOOOOOOOOOOOOOOOOOOXXXXXXXXXXXXXXXXXXXXXXXXXXXXXXXXXXXXXXXXXXXX-|LXXXXXXXXXXXXXXXXXXXXXXXXXXXXXXXXXXXXXXXXXXXXXXXXXXXXXXXXXXXXXXXXXXXXOOOOOO
OOOOOOOOOOOOOOOOOOOOOXXLXXXXXXXXXXXXXXXXXXXXXJXXXXXXXXXXXXXXXXXXXXXXXXXXXXXXXXXXXXXXXXXXXXXXXXXXXXXXXXXXXXXXXXXXXXXXXXXXXXXXXXXXXXXXXOOOOOOO
OOOOOOOOOOOOOXXXXOOXXXXXXXXXXXXXXXXXXXXXXXXXXXLXXXXXXXXXXXXXXXXXXXXXXXXXXXXXXXXXXXLXXXXXXXXXXXXXXFXXXXXXXXXXXXXXXXXXXXXXXXXXXXXXXXXXXOOOOOOO
OOOOOOOOOOOOOXXXXXOXXXXXXXXXXXXXXXXXXXXXXXXXXXXXXXFXXXXXXXXXXXXXXXXXXXXXXXXXXXXXXX7LXXXXXXXXXXXXXXXXXXXXXXXXXXXXXXXXXXXXXXXXXXXXXXXXOOOOOOOO
OOOOOOOOOOOOOXXXXXXX7XXXXXXXXXXXXXXXXXXXXXXXXXXXXXXXXXXXXXXXXXXXXXXXXXXXXXXXXX|XXXXJ.XXXXXXXXXXXXXXXXXXXXXXXXXXXXXXXXXXXXXXJXXXXXFXXOOOOOOOO
OOOOOOOOOOOOOXXXXXXXXXXXXXXXXXXXXXXXXXXXXXXXXXXXXXXXXXXXXXXXXXXXXXXXXXXXXXXXXXXXXXXXXXXXXXXXXXXXXXXXXXXXXXXXXXXXXXXXXXXXXXXXXXXXXXXXXOOOOOOO
OOOOOOOOOOOOOXXXXXXXXXXXXXXXXXXXXXXXXXXXXXXXXXX7XXXXLXXXXXXXXXXXXXXXXXXXXXXXXXXXXFLXXXXXXXXXXXXXXXXLXXFXXXXXXXXXXXXXXXXXXXXXXXXXXXXXXOOOOOOO
OOOOOOOOOOOOOOXXXXXXXXFXXXXXFXXXXXXXXXXXXXXXXXXXXXXXXXXXXXXXXXXXXXXXXXXXXXXXXXXXXX-XXXXXXXXXXXXXXXXXXXXXXXXXXXXXXXXXXXXXXXXXXXXXXXXXXXOOOOOO
OOOOOOOOOOOOOXXXXXXXXXXXXXXXXXXXXXXXXXXXXXXXXXXXXXXXXXXXXXXXXXXXXXXFXXXXXXXXXXXXXXXXX-XXXXXXXXXXXXXXXXXX7XXXXXXXXXXXXXXXXXXXXXXX|XXXXXOOOOOO
OOOOOOOOOOOOOXXXXXXXXXXXXXXXXXX7XXXXXXXXXX7XXXXXXXXLXXXXXXXXXXXXXXXXXXXXXXXXXXXXXXXXXXXXXXXXXXXXXXXXXXXXXXXXXXXXXXXXXXXXX7XXXXXXXXXXXXOOOOOO
OOOOOOOOOOOOOOOOXXXXXXXXXXXXXXXXXXXXXXXXXXXXXXXXXXXXXXXXXXXXXXXXXXXXXXXXXXXXXXXXXXXXXXXXXXXXXXXXXXXXXXXXXXXXXXXXXXXXXXXXXXX|XXXXXXXXXXOOOOOO
OOOOOOOOOOOOOXXXXXX7XXXXXXXXXXXXXXXXXXXXXXXX7XXXXXXXXXXXXXXXXXXXXXXXXXXXXXXXXXXXXXXXXXXXXXXXXXXXXXXXXX7XXXXXXXXXXXXXXXXXXXXXXXXXXXXXOOOOOOOO
OOOOOOOOOXXXOXXXXXXXXXXXXXXXXXLXXXXXXXXXXXXXXXXXXXXXXXXXXXXXXXXXXX7XXXXX|XXXXXXXXXLXXXXXXXXXXXXX|XXXXXXXXXXXXXXXXXXXXXXXXXXXXXXXXXXXXXOOOOOO
OOOOOOOXXXXXOXXXXXXXXXXXXXXXXXXX.XXXXXXXXXXXXXXXXXXXXXXXXXXXXXXXXXXXXXXXXXXXXXXXXXXXXXXXXXXXXXXXXXXXXXXXXXXXXXXXXXXXXXXXXXXXXXXXXXXXXXOOOOOO
OOOOOOOXXXXXOXXXXXXXXXXXXXXXXXXXXXXXLXXXXXXXLXXXXXXXXJXXXXXXXXXXXXXXX-XXXXXXXXXXXXXXX-XXXXXXX|XXXXXXXXFXXXXX-XXXXFXXXXXXXXXXXXXXXXOXXOOOOOOO
OOOOOOOXXXXXXXXXXXLXXXXXXXXXXXXXXXXXXXXXXXXXXXXXXXXXXXXXXXXXXXXXXXXXXXXXXXXXFXXXXXXX|XXXXXXXXXXXXXXXXXXXXXXXXXXXXXXXXXX7XXXXXXXXXXOXXOOOOOOO
OOOOOXXXXXXXXXXXXXXXX|XXXXXXXXXXX7XXXXXXXXXXXXXXXXXXXXXXXXXXXXXXXXXXXXXXXXXXXXXXXXXXXXXXXXXX7XXXXXXXXXXXXXXXXXXXXXXXXXXXXXXXXXXXOOOOOOOOOOOO
OOOOOXXXXXXXXXXLXXXXXXXXXXXXX|XXXXXXXXXXXXXXXXXXXXXXXXXXXXXXXXFXXXJXXXXXXXXXX-XXXXXXXXXXXXXXXXXXXXXXXXXXXXXXXXXXXXXXXXXXFXXXXXXOOOOOOOOOOOOO
OOOOOOOXXJXXXXXXXXXXXXXXXXXXXXXXXXXXXXXXXXXXXXXXXXXXXXXXXXXXXXXXXXXXXXXXXXXXXXXXXXXXXXXXXXXXXXXXXXXXXXXXXXXXXXXXXXXXXXXXXXXXXXXXXOOOOOOOOOOO
OOOOOOOXXXXXXXXXXXXXXXXXXXXXXXXXXXXXXXXXXXXXXXXXXXXXXXXXXXXXXXXXXXXXXXXXXXXXXXXXXXXXXXXXXXXXXXXXXXXXXXXXXXXXXXXXXXXXXXXXXXXXXXXXXOOOOOOOOOOO
OOOOOOOOXXXXXXXXXXXXXXXXXXXXXXXXXXXXXXXXXXXXXXXXXXXX-XXXXXXXXX|XXXXXXXXXXXXXXXXXXXXXXXXXXXXXXXXXXXXXXXXXXXXXXXXXXX7XX7XXXXXX-XX-XXOOOOOOOOOO
OOOOOOOOXXXXXXXXXXXXXXXXXXXXXXXXXXXXXX-XXXXXXXXXXXXXXXXXXXXXXXXXXXXXXXXXXFXXXXXXXXXXXXXXXXXXXXXXXXXX7XXXXX7XXXXXXXXXXXXXXXXXXXXXXXOOOOOOOOOO
OOOOOOOOOXXXXXXXXXXXXXXXXXXX-XXXXXXXXXXXXXXXXXXXXXXXXXXXXXXXXXXXXXXXXXXX7XXXXX7XXXXXXXXXXXXXXXXXXXXXXXXXXXXXXXXXXXXXXXXXXXXXXXXXXXXOOOOOOOOO
OOOOOOOOOXXXXXXXXXXXXXXXXXXXXXXX-XXXXXXXXXXXXXXXXXXXXXXXXXXXXXXXXXXXXXXXXXXXXXXXXXXXXXXXXXXXXXXXXXXXXXXFXXXXXXXLXXXXJXXXXXXXXXXXXXXOOOOOOOOO
OOOOOOOOOXXXXXXXXXXXXXXXXXXXXXXXXXXX7XXXXXXXXXXXXXXXXXXXX-XXXXXXXXXXXXXXXXXJXXXXXXXXXXXXXXXXXXXXXXXXXXXXXXXXXXXXXXXXXXXXFXXXXXXXXXOOOOOOOOOO
OOOOOOOOOXXXXXXXXXXXXXXXX|XXXXXXXXXXXXXXXXXXXXXXXXXXXXXXXXXXXXXXXXXXXXXXXXXXXXXXXXXXXXXXXXXXXXXXXXXXXXXXXXXXXXXXXXXXXXXXXXXXXX-LXXOOOOOOOOOO
OOOOOOXXOOXXXXXXXXXXXXXXXXXXXXXXXXXXXX-XXXXXXXXXXXXXXXXXXXXXXXXXXXXXXXXXXXXXXXXXXXXXXXFXXXXXXXXXXXXXXXXXXXXXXXXXXXXXXXXXXXX.XX7XXOOOOXXXOOOO
OOOOOOXXXXXXXXXXXXXXXXXXXXXXXXXXXXXXXXXXXXXXXXXXXXXXXXXXXXXXXXXXXXXXXXXXXXXXXXXXXXXXXXXXXXXXXXXXXXXXXXXXXXXXXXXXXXXXXXXXXXXXXXXXXOOXXXXXOOOO
OOOOOOXXXX-XXXXXXXXXXXXXXXXXXXXXXXXXXXXXXXXXXXXX|XXXXXX-XXXXXXXXXXXXXXXXXXXXXXXXXXXXXXX|XXXXXXXXXXXXX.XXXXXXXXXXXXXXXXXXXXXXXXXXXXXXXXXOOOOO
OOOOOXXXXXXXX7XXXXXXXXXXXXXXXXXXXXXXXXXXXXXXXXXXXXXXXXXXXXXXXXXXXXXXXXXXXXXXXXXXXXXXXJXXXXXXXXXXXXXXXX.XXXXXXXXXXXXXXXXXXXXXXXXXXXXXXXOOOOOO
OOOOXXXXXXXXXXXXXXXXXXXXXXXXXXXXXXXXXXX|XXXXXXXXXXXXXXXXXXXXXXXXXXXXXXXXXXXXXXXXXXXXXXXXXX7XXXXXXXXXXXXXXXXXXXXXXXXXXXXXXXXXXXXXXXXXXXOOOOOO
OOOOXXXXXXXXXXXXXXXXXXXXXXXXXXXXXXXX|XXXXXXXXXXXXXXXXXXXXXXXXXXXXXXXXXXXXXXXXXXXXXXXXXXXXXXXXXXXXXXXXXXXXXXXXXXXXXXXXXXXXXXXXXXXXXXXXXXXOOOO
OOOOOXXXXXXXXXXXXXXXXXXXXXX7XXXXXXXXXXXXXXXXXXXXXXXXXXXXXXXXXXXXXXXXXXXXXXXXXXXXXXXFXXXXXXXXXXXXXXXXXXXXXXXXXXXXXXXXXXXXXXXXXXXXXXXXXXXXOOOO
OOOOXXXXXX-XXXXXXXXXXXXXXXXXXXXXXXXXXXXFXXXXXXXXXXXXXXXXXXXXXXXXXXXXXXXXXXXXXXXXXFXXXXXXXXXXXXXXXXXFXXXXXXXXXXXXXXXXXXXXXXXXXXXXXXXXXOOOOOOO
OOOOXXXXXXXXXXXXXXXXXXXXXXXXXXXXXXXXXXXXXXXXXXXXXXXXXXXXXXXXXXXXXXXXXXXXXXXXXXXXXXXXXXXLXXXXXXXXXXXXXXXXXX-XXXXXXXXXXXXXXXXXXXXXOXXOOOOOOOOO
OOOOOOXXXXXXXXXXXXXXXXXXXXXXXXXXXXXXXXXXXXXXXXXXXXXXXXXXXXXXXXXXXXXXXXXXXXXXXXXX7XXXXXXXXXXXXXXXXXXXXXXXXXXXXXXXXXXXXXXXXXXXXXXXOOOOOOOOOOOO
OOOOOOXXXXXXXXXXXXXXXXXXXXXXXXXXXXXXXXXXXXXX-XXXXXXXXXXXXXXXXXXXX-XXXXXXXXXXXXXXXXXXXXXXXXXXXXXXXXXXXXXXXXXXXXXXXXXXXXXXXXXXXXXXXOOOOOOOOOOO
OOOOOOXXXXXXXXXXXXXXXXXXXXXXXXXXXXXXXXXXXXXXXXXXXXXXFXXXXXXXXXXXXXXXXXXXXXXXXXXXXXXXXXXXXXXXXXXXXXXXXXXXXXXXXXXXXXXXXXXXXXXXXXXXXOOOOOOOOOOO
OOOOOOOXXXXXXXXXXXXXXXXXXXXXXXXXX-XXJXXXXFXXXXX|XXXXXXXXXXXXXXXXXXXXXXXXXXXXXXXXXXXXXXXXXXXXXXXXXXXXXXXXXXXXXXX|XXXXXXXXXXXXXXXXOOOOOOOOOOOO
OOOOOOOXXOXXXXXXXXXXXXXXXXXXXXXXXXXXXXXXXXXXXXXXXXXXXXXXXXLXXXXXXXXXXXXXXXXXXXXXXXXXXXXXXXXXXXXXXXXXXXXXXXXXXXXXXXXXXXX|-XXXXXXXXOOOOOOOOOOO
OOOOOOOOOOXXXXXXXXXXXXXXXXXXXXXXXXXXXXXXXXXXXXXXXXXXXXXXJXXXXX|XXXXXXXXXXXXXXXXFXXXXXXXXXXXXLXXXXXXXXXXX-XXXXXXXXXXXXXXXXXXXXXXXXOOOOOOOOOOO
OOOOOOOOOOXXOOXXXXXXXXXXXXXXXXXXXXXXXXXXXX.XXXXXXXXXXXXXXXXXXXXXXXXXXXXXXXXXXXXXXXXXXXXXXXXXXXXXXXXXXXXXXXXXXXXXXXXXXXXXXXXXXXXOOOOOOOOOOOOO
OOOOOOOOOOOOOOXXXXXXXXXXXXXXXXXXXXXXXXXXXXXXXXXXXXXXXXXXXXXXXXXXXXXXXXXXXXXXXXXXXXXXXXXXXXXJXXXXXXXXXXXXXXXXXXXXXXXXLXXOOOXXXXXOOOOOOOOOOOOO
OOOOOOOOOOOOOOOXXXXXXXXXXXXXXXXXXXXXXX7XXXXXXXXXXXXXXXXXXXXXXXXXXXXXXX-XXXXXXXXJXXXXXXXXXXXXXXXXXXXXXXXXXXXXXXXXXXXXXXXOOOOOXXOOOOOOOOOOOOOO
OOOOOOOOOOOOOOOXXXXXXXXXXXXXXXXXXXXXXXXXXXXXXXXXXXXXXXXXXXXXXXXXXXXXXXXXXXXXXXXXXXXXXXXXXXXXXXXXXOXXXXXXXXXXXXXXXXXXXXXOOOOOOOOOOOOOOOOOOOOO
OOOOOOOOOOOOOOOOOOXXOXXXXXXXXXXXXXOOXXXOXXXXXXXXXXXXXXXXXXXXXXXXXXXXXXXXXXXXXXXXXXXXXXXXX7XXXXXXOOXXXXXOOOXXXXXXXXXXXXXOOOOOOOOOOOOOOOOOOOOO
OOOOOOOOOOOOOOOOOOXXOOXXXXXXLXXXXXOOOXXXOOOXXXXXXXXXXXXXXXXXXXXXXXXX|XXXXXXXXXXXXXXXXXXX-XXXXXOOOOXXXXXOOXXXXXXXXXXOOOOOOOOOOOOOOOOOOOOOOOOO
OOOOOOOOOOOOOOOOOOOOXXXXXXXXXXXXXXOOOXXXOOOOOOXXXXXXXXXXXXXXXXXXXFXXXXXXXXX|XXXXXXXXXXXXXXXXXXXOOOOXXOOOOXXXOXXXXXOOOOOOOOOOOOOOOOOOOOOOOOOO
OOOOOOOOOOOOOOOOOOOOXXXXXXXXXXXXXOOOOXXOOOOOOOOXXXXXXXXXXXXXXXXXXXXXXXXXXXXXXXXXXXXXOXXXXXXOXXXOOOOXXOOOOXXOOOOXXXOOOOOOOOOOOOOOOOOOOOOOOOOO
OOOOOOOOOOOOOOOOOOOOOOXXXXXXXXXXXXXOOOOOOOOOXXXXXXXXXXXXXXXXXXXXLXXXXXXXXXXXXXXXXXXXOXXXXXOOXXOOOOOOOOOOOOOOOOOOOOOOOOOOOOOOOOOOOOOOOOOOOOOO
OOOOOOOOOOOOOOOOOOOOOOOOOXXXXXXXXXXOOOOOOOOOXXXXXXXXXXXXXXXXXXXXXXXXXXXXXXXOXXXXXOOOOOOOXXOOXXOOOOOOOOOOOOOOOOOOOOOOOOOOOOOOOOOOOOOOOOOOOOOO
OOOOOOOOOOOOOOOOOOOOOOOOOOOOOXXXXXXXXOOOOOOOOOOXXXXXXXXXXXXXXXXFXXXXXXXXXXOOXXXXXXOOOOOOOOOOOOOOOOOOOOOOOOOOOOOOOOOOOOOOOOOOOOOOOOOOOOOOOOOO
OOOOOOOOOOOOOOOOOOOOOOOOOOOOOXXXXXXXXOOOOOOOOOOXXXXXXXXXXXXXXXXXXXXXXXXXXXOOXXOXXXOOOOOOOOOOOOOOOOOOOOOOOOOOOOOOOOOOOOOOOOOOOOOOOOOOOOOOOOOO
OOOOOOOOOOOOOOOOOOOOOOOOOOOOOXXXXXOXXOOOOOOOOOOOXXXXXXOXXXXXXXXXXXXXXXXXXXOOOOOXXOOOOOOOOOOOOOOOOOOOOOOOOOOOOOOOOOOOOOOOOOOOOOOOOOOOOOOOOOOO
OOOOOOOOOOOOOOOOOOOOOOOOOOOOOXXXXXOOOOOOOOOOOOOOXXXXXXXOXXXXXXXXXXXXOXXXXOOOOOOOOOOOOOOOOOOOOOOOOOOOOOOOOOOOOOOOOOOOOOOOOOOOOOOOOOOOOOOOOOOO
OOOOOOOOOOOOOOOOOOOOOOOOOOOOOOOXXOOOOOOOOOOOOOOOOXXOXXXOXXXXXXXXXFXXOXXOOOOOOOOOOOOOOOOOOOOOOOOOOOOOOOOOOOOOOOOOOOOOOOOOOOOOOOOOOOOOOOOOOOOO
OOOOOOOOOOOOOOOOOOOOOOOOOOOOOOOOOOOOOOOOOOOOOOOOOOOOOOOOOOXXOOXXXXXXOOOOOOOOOOOOOOOOOOOOOOOOOOOOOOOOOOOOOOOOOOOOOOOOOOOOOOOOOOOOOOOOOOOOOOOO
OOOOOOOOOOOOOOOOOOOOOOOOOOOOOOOOOOOOOOOOOOOOOOOOOOOOOOOOOOOOOOOXXXOOOOOOOOOOOOOOOOOOOOOOOOOOOOOOOOOOOOOOOOOOOOOOOOOOOOOOOOOOOOOOOOOOOOOOOOOO
OOOOOOOOOOOOOOOOOOOOOOOOOOOOOOOOOOOOOOOOOOOOOOOOOOOOOOOOOOOOOOOOOOOOOOOOOOOOOOOOOOOOOOOOOOOOOOOOOOOOOOOOOOOOOOOOOOOOOOOOOOOOOOOOOOOOOOOOOOOO
OOOOOOOOOOOOOOOOOOOOOOOOOOOOOOOOOOOOOOOOOOOOOOOOOOOOOOOOOOOOOOOOOOOOOOOOOOOOOOOOOOOOOOOOOOOOOOOOOOOOOOOOOOOOOOOOOOOOOOOOOOOOOOOOOOOOOOOOOOOO
